d:\workspace\games\pong\pong\release\pong.pch
d:\workspace\games\pong\pong\release\vc140.pdb
d:\workspace\games\pong\pong\release\stdafx.obj
d:\workspace\games\pong\pong\release\visiblegameobject.obj
d:\workspace\games\pong\pong\release\splashscreen.obj
d:\workspace\games\pong\pong\release\soundfilecache.obj
d:\workspace\games\pong\pong\release\sfmlsoundprovider.obj
d:\workspace\games\pong\pong\release\servicelocator.obj
d:\workspace\games\pong\pong\release\scoreboard.obj
d:\workspace\games\pong\pong\release\pong.obj
d:\workspace\games\pong\pong\release\playerpaddle.obj
d:\workspace\games\pong\pong\release\mainmenu.obj
d:\workspace\games\pong\pong\release\ingamemenu.obj
d:\workspace\games\pong\pong\release\gameobjectmanager.obj
d:\workspace\games\pong\pong\release\gameball.obj
d:\workspace\games\pong\pong\release\game.obj
d:\workspace\games\pong\pong\release\endgamemenu.obj
d:\workspace\games\pong\pong\release\aipaddle.obj
d:\workspace\games\pong\release\pong.exe
d:\workspace\games\pong\release\pong.ipdb
d:\workspace\games\pong\release\pong.iobj
d:\workspace\games\pong\release\pong.pdb
d:\workspace\games\pong\pong\release\pong.tlog\cl.command.1.tlog
d:\workspace\games\pong\pong\release\pong.tlog\cl.read.1.tlog
d:\workspace\games\pong\pong\release\pong.tlog\cl.write.1.tlog
d:\workspace\games\pong\pong\release\pong.tlog\link.command.1.tlog
d:\workspace\games\pong\pong\release\pong.tlog\link.read.1.tlog
d:\workspace\games\pong\pong\release\pong.tlog\link.write.1.tlog
