Build started 12/21/2015 3:05:00 PM.
     1>Project "D:\Workspace\Games\Pong\Pong\Pong.vcxproj" on node 2 (Build target(s)).
     1>ClCompile:
         C:\Program Files (x86)\Microsoft Visual Studio 14.0\VC\bin\CL.exe /c /I"D:\Workspace\Games\Pong\\SFML-2.3.2\include\\" /Zi /nologo /W3 /WX- /O2 /Oi /Oy- /GL /D WIN32 /D NDEBUG /D _CONSOLE /D _UNICODE /D UNICODE /Gm- /EHsc /MD /GS /Gy /fp:precise /Zc:wchar_t /Zc:forScope /Zc:inline /Yu"stdafx.h" /Fp"Release\Pong.pch" /Fo"Release\\" /Fd"Release\vc140.pdb" /Gd /TP /analyze- /errorReport:prompt PlayerPaddle.cpp
         PlayerPaddle.cpp
       Link:
         C:\Program Files (x86)\Microsoft Visual Studio 14.0\VC\bin\link.exe /ERRORREPORT:PROMPT /OUT:"D:\Workspace\Games\Pong\Release\Pong.exe" /INCREMENTAL:NO /NOLOGO /LIBPATH:"D:\Workspace\Games\Pong\\SFML-2.3.2\lib\\" kernel32.lib user32.lib gdi32.lib winspool.lib comdlg32.lib advapi32.lib shell32.lib ole32.lib oleaut32.lib uuid.lib odbc32.lib odbccp32.lib "sfml-system.lib" "sfml-main.lib" "sfml-graphics.lib" "sfml-audio.lib" "sfml-network.lib" "sfml-window.lib" kernel32.lib user32.lib gdi32.lib winspool.lib comdlg32.lib advapi32.lib shell32.lib ole32.lib oleaut32.lib uuid.lib odbc32.lib odbccp32.lib /MANIFEST /MANIFESTUAC:"level='asInvoker' uiAccess='false'" /manifest:embed /Debug /PDB:"D:\Workspace\Games\Pong\Release\Pong.pdb" /SUBSYSTEM:CONSOLE /OPT:REF /OPT:ICF /LTCG:incremental /TLBID:1 /DYNAMICBASE /NXCOMPAT /IMPLIB:"D:\Workspace\Games\Pong\Release\Pong.lib" /MACHINE:X86 /SAFESEH Release\AIPaddle.obj
         Release\EndGameMenu.obj
         Release\Game.obj
         Release\GameBall.obj
         Release\GameObjectManager.obj
         Release\InGameMenu.obj
         Release\MainMenu.obj
         Release\PlayerPaddle.obj
         Release\Pong.obj
         Release\ScoreBoard.obj
         Release\ServiceLocator.obj
         Release\SFMLSoundProvider.obj
         Release\SoundFileCache.obj
         Release\SplashScreen.obj
         Release\stdafx.obj
         Release\VisibleGameObject.obj
         Generating code
         0 of 888 functions ( 0.0%) were compiled, the rest were copied from previous compilation.
           0 functions were new in current compilation
           0 functions had inline decision re-evaluated but remain unchanged
         Finished generating code
         Pong.vcxproj -> D:\Workspace\Games\Pong\Release\Pong.exe
     1>Done Building Project "D:\Workspace\Games\Pong\Pong\Pong.vcxproj" (Build target(s)).

Build succeeded.

Time Elapsed 00:00:14.70
